<?xml version="1.0" encoding="UTF-8"?>
<testsuite xmlns:xsi="http://www.w3.org/2001/XMLSchema-instance" xsi:noNamespaceSchemaLocation="https://maven.apache.org/surefire/maven-surefire-plugin/xsd/surefire-test-report-3.0.xsd" version="3.0" name="pe.edu.uni.pedidoapp.service.PedidoServiceTest" time="0.096" tests="4" errors="0" skipped="0" failures="0">
  <properties>
    <property name="java.specification.version" value="17"/>
    <property name="sun.cpu.isalist" value="amd64"/>
    <property name="sun.jnu.encoding" value="Cp1252"/>
    <property name="java.class.path" value="D:\GITHUB\UNI\UNI-FIIS-2024-1-SI302-V\Semana02\PedidoApp\target\test-classes;D:\GITHUB\UNI\UNI-FIIS-2024-1-SI302-V\Semana02\PedidoApp\target\classes;C:\Users\Gustavo Coronel\.m2\repository\junit\junit\4.13.2\junit-4.13.2.jar;C:\Users\Gustavo Coronel\.m2\repository\org\hamcrest\hamcrest-core\1.3\hamcrest-core-1.3.jar;"/>
    <property name="java.vm.vendor" value="Oracle Corporation"/>
    <property name="sun.arch.data.model" value="64"/>
    <property name="user.variant" value=""/>
    <property name="java.vendor.url" value="https://java.oracle.com/"/>
    <property name="user.timezone" value="America/Lima"/>
    <property name="os.name" value="Windows 10"/>
    <property name="java.vm.specification.version" value="17"/>
    <property name="user.country" value="PE"/>
    <property name="sun.java.launcher" value="SUN_STANDARD"/>
    <property name="sun.boot.library.path" value="C:\Program Files\Java\jdk-17\bin"/>
    <property name="sun.java.command" value="C:\Users\Gustavo Coronel\AppData\Local\Temp\surefire17356669674692726348\surefirebooter-20240327210824549_3.jar C:\Users\Gustavo Coronel\AppData\Local\Temp\surefire17356669674692726348 2024-03-27T21-08-23_408-jvmRun1 surefire-20240327210824549_1tmp surefire_0-20240327210824549_2tmp"/>
    <property name="jdk.debug" value="release"/>
    <property name="surefire.test.class.path" value="D:\GITHUB\UNI\UNI-FIIS-2024-1-SI302-V\Semana02\PedidoApp\target\test-classes;D:\GITHUB\UNI\UNI-FIIS-2024-1-SI302-V\Semana02\PedidoApp\target\classes;C:\Users\Gustavo Coronel\.m2\repository\junit\junit\4.13.2\junit-4.13.2.jar;C:\Users\Gustavo Coronel\.m2\repository\org\hamcrest\hamcrest-core\1.3\hamcrest-core-1.3.jar;"/>
    <property name="sun.cpu.endian" value="little"/>
    <property name="user.home" value="C:\Users\Gustavo Coronel"/>
    <property name="user.language" value="es"/>
    <property name="java.specification.vendor" value="Oracle Corporation"/>
    <property name="java.version.date" value="2023-07-18"/>
    <property name="java.home" value="C:\Program Files\Java\jdk-17"/>
    <property name="file.separator" value="\"/>
    <property name="basedir" value="D:\GITHUB\UNI\UNI-FIIS-2024-1-SI302-V\Semana02\PedidoApp"/>
    <property name="java.vm.compressedOopsMode" value="Zero based"/>
    <property name="line.separator" value="&#10;"/>
    <property name="java.vm.specification.vendor" value="Oracle Corporation"/>
    <property name="java.specification.name" value="Java Platform API Specification"/>
    <property name="surefire.real.class.path" value="C:\Users\Gustavo Coronel\AppData\Local\Temp\surefire17356669674692726348\surefirebooter-20240327210824549_3.jar"/>
    <property name="user.script" value=""/>
    <property name="sun.management.compiler" value="HotSpot 64-Bit Tiered Compilers"/>
    <property name="java.runtime.version" value="17.0.8+9-LTS-211"/>
    <property name="user.name" value="Gustavo Coronel"/>
    <property name="path.separator" value=";"/>
    <property name="os.version" value="10.0"/>
    <property name="java.runtime.name" value="Java(TM) SE Runtime Environment"/>
    <property name="file.encoding" value="UTF-8"/>
    <property name="java.vm.name" value="Java HotSpot(TM) 64-Bit Server VM"/>
    <property name="maven.ext.class.path" value="C:\Program Files\NetBeans-18\netbeans\java\maven-nblib\netbeans-eventspy.jar"/>
    <property name="localRepository" value="C:\Users\Gustavo Coronel\.m2\repository"/>
    <property name="java.vendor.url.bug" value="https://bugreport.java.com/bugreport/"/>
    <property name="java.io.tmpdir" value="C:\Users\GUSTAV~1\AppData\Local\Temp\"/>
    <property name="java.version" value="17.0.8"/>
    <property name="user.dir" value="D:\GITHUB\UNI\UNI-FIIS-2024-1-SI302-V\Semana02\PedidoApp"/>
    <property name="os.arch" value="amd64"/>
    <property name="java.vm.specification.name" value="Java Virtual Machine Specification"/>
    <property name="sun.os.patch.level" value=""/>
    <property name="native.encoding" value="Cp1252"/>
    <property name="java.library.path" value="C:\Program Files\Java\jdk-17\bin;C:\Windows\Sun\Java\bin;C:\Windows\system32;C:\Windows;C:\Program Files\Microsoft\jdk-11.0.16.101-hotspot\bin;C:\ORACLE\XE21c\dbhomeXE\bin;C:\Program Files\Common Files\Oracle\Java\javapath;C:\Windows\system32;C:\Windows;C:\Windows\System32\Wbem;C:\Windows\System32\WindowsPowerShell\v1.0\;C:\Windows\System32\OpenSSH\;C:\Program Files\Azure Data Studio\bin;C:\Program Files (x86)\Microsoft SQL Server\150\Tools\Binn\;C:\Program Files\Microsoft SQL Server\150\Tools\Binn\;C:\Program Files\Microsoft SQL Server\Client SDK\ODBC\170\Tools\Binn\;C:\Program Files\Microsoft SQL Server\150\DTS\Binn\;C:\Program Files (x86)\Microsoft SQL Server\150\DTS\Binn\;C:\Program Files\dotnet\;C:\Program Files\Git\cmd;C:\ORACLE\instantclient_18_5;C:\Program Files\Microsoft SQL Server\130\Tools\Binn\;C:\Program Files (x86)\Microsoft SQL Server\110\DTS\Binn\;C:\Program Files (x86)\Microsoft SQL Server\120\DTS\Binn\;C:\Program Files (x86)\Microsoft SQL Server\130\DTS\Binn\;C:\Program Files (x86)\Microsoft SQL Server\140\DTS\Binn\;C:\Program Files (x86)\Microsoft SQL Server\160\DTS\Binn\;C:\Program Files\nodejs\;C:\ProgramData\chocolatey\bin;C:\Program Files\Microsoft SQL Server\140\DTS\Binn\;C:\Program Files\Microsoft SQL Server\160\DTS\Binn\;C:\Users\Gustavo Coronel\AppData\Local\Programs\Python\Python312\Scripts\;C:\Users\Gustavo Coronel\AppData\Local\Programs\Python\Python312\;C:\Users\Gustavo Coronel\AppData\Local\Microsoft\WindowsApps;C:\Program Files\Azure Data Studio\bin;C:\Users\Gustavo Coronel\.dotnet\tools;C:\Users\Gustavo Coronel\AppData\Roaming\npm;C:\Users\Gustavo Coronel\AppData\Local\Programs\Microsoft VS Code\bin;C:\Users\Gustavo Coronel\AppData\Local\GitHubDesktop\bin;C:\Program Files\MongoDB\Server\6.0\bin;C:\Users\Gustavo Coronel\.dotnet\tools;C:\Program Files\JetBrains\IntelliJ IDEA 2023.2.4\bin;;."/>
    <property name="java.vm.info" value="mixed mode, sharing"/>
    <property name="java.vendor" value="Oracle Corporation"/>
    <property name="java.vm.version" value="17.0.8+9-LTS-211"/>
    <property name="sun.io.unicode.encoding" value="UnicodeLittle"/>
    <property name="java.class.version" value="61.0"/>
  </properties>
  <testcase name="testCalcTotal_InvalidImporte" classname="pe.edu.uni.pedidoapp.service.PedidoServiceTest" time="0.009"/>
  <testcase name="testCalcTotal_ValidImporte" classname="pe.edu.uni.pedidoapp.service.PedidoServiceTest" time="0"/>
  <testcase name="testCalcImpuesto_ValidImporte" classname="pe.edu.uni.pedidoapp.service.PedidoServiceTest" time="0"/>
  <testcase name="testCalcImpuesto_InvalidImporte" classname="pe.edu.uni.pedidoapp.service.PedidoServiceTest" time="0.001"/>
</testsuite>